Changed database context to 'BHSDB'.
INFO: STEP3.1 - Creat BHS Solution Database MDS Tables
INFO: .
INFO: .
INFO: .
INFO: Begining of Drop Existing Tables...
INFO: End of Drop Existing Tables.
INFO: .
INFO: .
INFO: .
INFO: Begining of Creating New Tables...
INFO: Creating table [MDS_DATA]...
INFO: Creating table [MDS_LOGS]...
INFO: Creating table [MDS_ALARMS]...
INFO: Createing INDEX [IX_MDS_ALARMS_ALM_TAGNAME]...
INFO: Creating table [MDS_EVENTS]...
INFO: Creating table [MDS_AUDIT_LOGS]...
INFO: Creating table [MDS_BAG_COUNT]...
INFO: Creating table [MDS_BAG_COUNTERS]...
INFO: Creating table [MDS_HBS_DATA]...
INFO: Creating table [REPORT_FAULT]...
INFO: Creating table [REPORT_FAULT_TYPES]...
INFO: Creating table [MDS_MAINTENANCE_STATUS]...
INFO: End of Creating New Tables.
INFO: .
INFO: .
INFO: .
INFO: Begining of Creating New Foreign Keys...
INFO: Creating ForeignKey [FK_FAULT_TYPES]...
INFO: Creating ForeignKey [FK_MDS_HBS_DATA_MDS_HBS_DATA]...
INFO: Creating ForeignKey [FK_MDS_BAG_COUNT_MDS_BAG_COUNTERS]...
INFO: End of Creating New Foreign Keys.
INFO: .
INFO: .
INFO: .
INFO: Begining of Creating New Triggers...
INFO: Creating trigger [INSERT_MDS_DATA]...
INFO: .
INFO: .
INFO: .
INFO: End of STEP3.1
