Changed database context to 'BHSDB'.
INFO: STEP2 - Creat BHS Solution Database SAC Tables
INFO: .
INFO: .
INFO: .
INFO: Begining of Drop Existing Tables...
INFO: End of Drop Existing Tables.
INFO: .
INFO: .
INFO: .
INFO: Begining of Creating New Tables...
INFO: Creating table [AIRPORTS]...
INFO: Creating table [AIRLINES]...
INFO: Creating table [AIRCRAFT_TYPES]...
INFO: Creating table [HANDLER]...
INFO: Creating table [MONTH_CONFIG]...
INFO: Creating table [WEEKDAY_CONFIG]...
INFO: Creating table [HOUR_CONFIG]...
INFO: Creating table [BSM_FI_ACTIONS]...
INFO: Creating table [BAGS]...
INFO: Creating table [BAG_SORTING]...
INFO: Creating table [BAG_ERROR_BSM]...
INFO: Creating table [BAG_INFO]...
INFO: Creating table [SYS_CONFIG]...
INFO: Creating table [FLIGHTS]...
INFO: Creating table [FLIGHT_PLANS]...
INFO: Creating table [FLIGHT_PLAN_SORTING]...
INFO: Creating table [FLIGHT_PLAN_ERROR]...
INFO: Creating table [FLIGHT_PLAN_ALLOC]...
INFO: Creating table [TEMPLATE_FLIGHT_PLAN_ALLOC]...
INFO: Creating table [TEMPLATE_ASSIGNMENTS]...
INFO: Creating table [TEMPLATES]...
INFO: Creating table [TEMPLATE_GROUPS]...
INFO: Creating table [FUNCTION_TYPE_GROUPS]...
INFO: Creating table [FUNCTION_TYPES]...
INFO: Creating table [FUNCTION_ALLOC_GANTT]...
INFO: Creating table [FUNCTION_ALLOC_LIST]...
INFO: Creating table [SCHEME_TYPE]...
INFO: Creating table [GID_USED]...
INFO: Creating table [ITEM_TRACKING]...
INFO: Creating table [ITEM_READY]...
INFO: Creating table [ITEM_REMOVED]...
INFO: Creating table [ITEM_ENCODING_REQUEST]...
INFO: Creating table [ITEM_ENCODING_REQUEST_TYPES]...
INFO: Creating table [ITEM_DEST_REQUEST]...
INFO: Creating table [ITEM_LOST]...
INFO: Creating table [ITEM_SCREENED]...
INFO: Creating table [ITEM_SCREEN_RESULT_TYPES]...
INFO: Creating table [ITEM_SCANNED]...
INFO: Creating table [ITEM_SCAN_STATUS_TYPES]...
INFO: Creating table [ITEM_PROCEEDED]...
INFO: Creating table [ITEM_PROCEED_TYPES]...
INFO: Creating table [ITEM_REDIRECT]...
INFO: Creating table [ITEM_SORTATION_EVENT]...
INFO: Creating table [ITEM_SORTATION_EVENT_TYPES]...
INFO: Creating table [ALLOC_RESOURCES]...
INFO: Creating table [DESTINATIONS]...
INFO: Creating table [DESTINATION_GROUPING]...
INFO: Creating table [SUBSYSTEMS]...
INFO: Creating table [SUBSYSTEM_GROUPING]...
INFO: Creating table [LOCATIONS]...
INFO: Creating table [LOCATION_STATUS_TYPES]...
INFO: Creating table [ROUTING_TABLE]...
INFO: Creating table [SORTATION_REASON]...
INFO: Creating table [ROLES]...
INFO: Creating table [USERS]...
INFO: Creating table [USERS_ROLES]...
INFO: Creating table [AUDIT_LOG]...
INFO: Creating table [SAC_OWS]...
INFO: Creating table [CHANGE_MONITORING]...
INFO: Creating table [APP_LIVE_MONITORING]...
INFO: Creating table [APP_LIVE_STATUS_TYPES]...
INFO: Creating table [FALLBACK_MAPPING]...
INFO: Creating table [MES_EVENT]...
INFO: Creating table [EVENT_TYPES]...
INFO: Creating table [PICTURES]...
INFO: Creating table [HIGH_RISK_NEEDED]...
INFO: Creating table [SECURITY_CATEGORIES]...
INFO: Creating table [SECURITY_TASKS]...
INFO: Creating table [SECURITY_GROUPS]...
INFO: Creating table [SECURITY_GROUP_TASK_MAPPING]...
INFO: Creating table [SECURITY_USERS]...
INFO: Creating table [SECURITY_USER_RIGHTS]...
INFO: Creating table [EXCEPTION_TYPE]...
INFO: Creating table [TRACKING_ZONE_GROUPING]...
INFO: Creating table [BHS_FIS_OUTGOING_ALLOCATIONS]...
INFO: Creating table [DEPARTURE_FLIGHT_ALLOC_REPLY]...
INFO: Creating table [DEPARTURE_FLIGHT_ALLOC_DELETED]...
INFO: Creating table [DEPARTURE_FUNCTION_ALLOC_REPLY]...
INFO: Creating table [DEPARTURE_FUNCTION_ALLOC_DELETED]...
INFO: Creating table [ENCAPSULATED_BPM]...
INFO: Creating table [BAGGAGE_MEASURE_ARRAY_TYPE]...
INFO: Creating table [BAGGAGE_MEASURE_ARRAY_MSG]...
INFO: Creating table [FALLBACK_TAG_INFO]...
INFO: Creating table [CHUTE_MAPPING]...
INFO: Creating table [ITEM_MINIMUM_SECURITY_LEVEL]...
INFO: Creating table [MAKEUP_CAROUSEL_CHUTE_MAPPING_LIST]...
INFO: Creating table [ITEM_CUSTOMS_SCREENED]...
INFO: Creating table [ITEM_CUSTOMS_RESULT_TYPES]...
INFO: Creating table [ITEM_ENCODED]...
INFO: Creating table [PSEUDO_BSM]...
INFO: Creating table [FOUR_DIGITS_FALLBACK_MAPPING]...
INFO: Creating table [FOUR_DIGITS_FALLBACK_TAG_INFO]...
INFO: Creating table [SPECIAL_SECURITY_TAG_DESTINATION_MAPPING]...
INFO: Creating table [SPECIAL_SECURITY_TAG_DESTINATION]...
INFO: Creating table [SPECIAL_SECURITY_TAG_LEVEL_MAPPING]...
INFO: Creating table [SPECIAL_SECURITY_TAG_LEVEL]...
INFO: Creating table [PLC_DATA_DOWNLOAD]...
INFO: Creating table [TTS_DATA_DOWNLOAD]...
INFO: Creating table [DATA_DOWNLOAD_TYPE]...
INFO: Creating table [AIRPORT_CODE_LOCATION_INFORMATION]...
INFO: Creating table [HBS_POLICY_MANAGEMENT]...
INFO: Creating table [HBS_SCHEDULE]...
INFO: Creating table [HBS_TAG_TYPE]...
INFO: Creating table [HBS_COUNTRY]...
INFO: Creating table [HBS_AIRPORT]...
INFO: Creating table [HBS_AIRLINE]...
INFO: Creating table [HBS_FLIGHT]...
INFO: Creating table [HBS_PASSENGER]...
INFO: Creating table [HBS_X_BSM_ELEMENT]...
INFO: End of Creating New Table.
INFO: .
INFO: .
INFO: .
INFO: Begining of Creating New Views...
INFO: End of Creating New Views.
INFO: .
INFO: .
INFO: .
INFO: Begining of Creating New Foreign Keys...
INFO: Creating ForeignKey [FK_AIRLINES_DESTINATION]...
INFO: Creating ForeignKey [FK_AUDIT_LOG_EVENT_TYPE]...
INFO: Creating ForeignKey [FK_FLIGHT_PLAN_ALLOC_RESOURCE]...
INFO: Creating ForeignKey [FK_FLIGHT_PLAN_SORTING_HIGH_RISK]...
INFO: Creating ForeignKey [FK_FLIGHTS_AIRCRAFT_TYPE]...
INFO: Creating ForeignKey [FK_FLIGHTS_AIRLINE_CODE_IATA]...
INFO: Creating ForeignKey [FK_FUNCTION_TYPES_GROUP]...
INFO: Creating ForeignKey [FK_FUNCTION_ALLOC_GANTT_RESOURCE]...
INFO: Creating ForeignKey [FK_FUNCTION_ALLOC_LIST_RESOURCE]...
INFO: Creating ForeignKey [FK_FUNCTION_ALLOC_GANTT_FUNC_TYPE]...
INFO: Creating ForeignKey [FK_FUNCTION_ALLOC_LIST_FUNC_TYPE]...
INFO: Creating ForeignKey [FK_ITEM_PROCEEDED_TYPE]...
INFO: Creating ForeignKey [FK_ITEM_REDIRECT_SORTATION_REASON]...
INFO: Creating ForeignKey [FK_ITEM_SCANNED_STATUS_TYPE]...
INFO: Creating ForeignKey [FK_ITEM_SCREENED_RESULT_TYPE]...
INFO: Creating ForeignKey [FK_ITEM_SORTATION_EVENT_TYPE]...
INFO: Creating ForeignKey [FK_ALLOC_RESOURCES_SUBSYSTEM]...
INFO: Creating ForeignKey [FK_DESTINATIONS_SUBSYSTEM]...
INFO: Creating ForeignKey [FK_DESTINATION_GROUPING_NAME]...
INFO: Creating ForeignKey [FK_DESTINATION_GROUPING_LOCATION]...
INFO: Creating ForeignKey [FK_FALLBACK_MAPPING_DESTINATION]...
INFO: Creating ForeignKey [FK_LOCATIONS_STATUS_TYPE]...
INFO: Creating ForeignKey [FK_LOCATIONS_SUBSYSTEM]...
INFO: Creating ForeignKey [FK_USER_ROLES_ROLEID]...
INFO: Creating ForeignKey [FK_USER_ROLES_USERID]...
INFO: Creating ForeignKey [FK_APP_LIVE_MONITORING_STATUS_TYPE]...
INFO: Creating ForeignKey [FK_TEMPLATES_TEMPLATE_GROUP]...
INFO: Creating ForeignKey [FK_TEMPLATE_ASSIGNMENTS_TEMPLATE_ID]...
INFO: Creating ForeignKey [FK_TEMPLATE_FLIGHT_PLAN_ALLOC_TEMPLATE_ID]...
INFO: Creating ForeignKey [FK_TEMPLATE_FLIGHT_PLAN_ALLOC_SCHEME_TYPE]...
INFO: Creating ForeignKey [FK_TFPA_RESOURCE]...
INFO: Creating ForeignKey [FK_CHANGE_MONITORING_SAC_OWS]...
INFO: Creating ForeignKey [FK_ITEM_ENCODING_REQUEST_TYPE]...
INFO: Creating ForeignKey [FK_SECURITY_TASKS_SECU_CAT_CODE]...
INFO: Creating ForeignKey [FK_SECURITY_GROUPS_SECU_CAT_CODE]...
INFO: Creating ForeignKey [FK_SECURITY_GROUP_TASK_MAPPING_SECU_TASK_CODE]...
INFO: Creating ForeignKey [FK_SECURITY_GROUP_TASK_MAPPING_SECU_GROUP_CODE]...
INFO: Creating ForeignKey [FK_SECURITY_USER_RIGHTS_SECU_GROUP_CODE]...
INFO: Creating ForeignKey [FK_SECURITY_USER_RIGHTS_USER_NAME]...
INFO: Creating ForeignKey [FK_BAG_SORTING_BAG]...
INFO: Creating ForeignKey [FK_BAG_ERROR_BSM_BAG]...
INFO: Creating ForeignKey [FK_FLIGHT_PLAN_SORTING_FLIGHT_PLANS]...
INFO: Creating ForeignKey [FLIGHT_PLAN_ERROR_FLIGHT_PLANS]...
INFO: Creating ForeignKey [FK_BAGGAGE_MEASURE_ARRAY_MSG_TYPE]...
INFO: Creating ForeignKey [FK_ITEM_CUSTOMS_SCREENED_RESULT_TYPE]...
INFO: Creating ForeignKey [FK_ITEM_ENCODED_TYPE]...
INFO: Creating ForeignKey [FK_PLC_DATA_DOWNLOAD_TYPE]...
INFO: Creating ForeignKey [FK_TTS_DATA_DOWNLOAD_TYPE]...
INFO: Creating ForeignKey [FK_TTS_DATA_DOWNLOAD_TYPE]...
INFO: Creating ForeignKey [FK_HBS_POLICY_MANAGEMENT_HBS_TAG_TYPE]...
INFO: End of Creating New Foreign Keys.
INFO: .
INFO: .
INFO: .
INFO: Begining of Creating New Constraints...
INFO: Creating Constraints [DF_SECURITY_CATEGORIES_IS_ACTIVE]...
INFO: Creating Constraints [DF_SECURITY_TASKS_IS_ACTIVE]...
INFO: Creating Constraints [DF_SECURITY_GROUPS_IS_ACTIVE]...
INFO: Creating Constraints [DF_SECURITY_USERS_IS_ACTIVE]...
INFO: End of Creating New Foreign Keys.
INFO: .
INFO: .
INFO: .
INFO: Begining of Creating New Triggers...
INFO: Creating trigger [INSERT_BAG_ERROR]...
INFO: Creating trigger [INSERT_FLIGHT_PLAN_ERROR]...
INFO: Creating trigger [INSERT_FLIGHT_PLAN_SORTING]...
INFO: Creating trigger [UPDATE_FLIGHT_PLAN_SORTING]...
INFO: Creating trigger [DELETE_FLIGHT_PLAN_SORTING]...
INFO: Creating trigger [INSERT_FLIGHT_PLAN_ALLOC]...
INFO: Creating trigger [UPDATE_FLIGHT_PLAN_ALLOC]...
INFO: Creating trigger [DELETE_FLIGHT_PLAN_ALLOC]...
INFO: Creating trigger [INSERT_FUNCTION_ALLOC_GANTT]...
INFO: Creating trigger [UPDATE_FUNCTION_ALLOC_GANTT]...
INFO: Creating trigger [DELETE_FUNCTION_ALLOC_GANTT]...
INFO: Creating trigger [INSERT_FUNCTION_TYPES]...
INFO: Creating trigger [UPDATE_FUNCTION_TYPES]...
INFO: Creating trigger [DELETE_FUNCTION_TYPES]...
INFO: Creating trigger [INSERT_SYS_CONFIG]...
INFO: Creating trigger [UPDATE_SYS_CONFIG]...
INFO: Creating trigger [DELETE_SYS_CONFIG]...
INFO: Creating trigger [INSERT_ROLES]...
INFO: Creating trigger [UPDATE_ROLES]...
INFO: Creating trigger [DELETE_ROLES]...
INFO: Creating trigger [INSERT_AIRLINES]...
INFO: Creating trigger [UPDATE_AIRLINES]...
INFO: Creating trigger [DELETE_AIRLINES]...
INFO: Creating trigger [INSERT_AIRPORTS]...
INFO: Creating trigger [UPDATE_AIRPORTS]...
INFO: Creating trigger [DELETE_AIRPORTS]...
INFO: Creating trigger [INSERT_FLIGHTS]...
INFO: Creating trigger [UPDATE_FLIGHTS]...
INFO: Creating trigger [DELETE_FLIGHTS]...
INFO: Creating trigger [INSERT_AIRCRAFT_TYPES]...
INFO: Creating trigger [UPDATE_AIRCRAFT_TYPES]...
INFO: Creating trigger [DELETE_AIRCRAFT_TYPES]...
INFO: Creating trigger [INSERT_USERS]...
INFO: Creating trigger [UPDATE_USERS]...
INFO: Creating trigger [DELETE_USERS]...
INFO: Creating trigger [INSERT_USERS_ROLES]...
INFO: Creating trigger [UPDATE_USERS_ROLES]...
INFO: Creating trigger [DELETE_USERS_ROLES]...
INFO: Creating trigger [DELETE_USERS_ROLES]...
INFO: Creating trigger [UPDATE_FLIGHT_PLAN_ALLOC_BHS_FIS_OUTGOING_ALLOCATIONS]...
INFO: Creating trigger [DELETE_FLIGHT_PLAN_ALLOC_BHS_FIS_OUTGOING_ALLOCATIONS]...
Changed database context to 'BHSDB'.
INFO: Creating trigger [INSERT_FUNCTION_ALLOC_LIST]...
Changed database context to 'BHSDB'.
INFO: Creating trigger [UPDATE_FUNCTION_ALLOC_LIST]...
Changed database context to 'BHSDB'.
INFO: Creating trigger [INSERT_PLC_DATA_DOWNLOAD]...
INFO: .
INFO: .
INFO: .
INFO: Begining of Creating New Indexes...
INFO: End of Creating New Indexes.
INFO: .
INFO: .
INFO: .
INFO: End of STEP2.1
