Changed database context to 'BHSDB'.
INFO: STEP7 - Insert BHS Solution Database Initial Data
INFO: .
INFO: .
INFO: .
INFO: Begining of Deleting Existing Initial Data...

(0 rows affected)
INFO: End of Deleting Existing Initial Data.
INFO: .
INFO: .
INFO: .
INFO: Begining of Insert New Initial Data...
INFO: Inserting initial records into table [HIGH_RISK_NEEDED]...

(1 rows affected)
INFO: Inserting initial records into table [EVENT_TYPES]...
INFO: Inserting initial records into table [AIRPORTS]...
INFO: Inserting initial records into table [AIRCRAFT_TYPES]...
INFO: Inserting initial records into table [HANDLER]...
INFO: Inserting initial records into table [ROLES]...
INFO: Inserting initial records into table [BSM_FI_ACTIONS]...
INFO: Inserting initial records into table [SCHEME_TYPE]...
INFO: Inserting initial records into table [MONTH_CONFIG]...
INFO: Inserting initial records into table [WEEKDAY_CONFIG]...
INFO: Inserting initial records into table [HOUR_CONFIG]...
INFO: Inserting initial records into table [SUBSYSTEMS]...
INFO: Inserting initial records into table [ALLOC_RESOURCES]...
INFO: Inserting initial records into table [DESTINATIONS]...

(1 rows affected)
INFO: Inserting initial records into table [AIRLINES]...
INFO: Inserting initial records into table [FUNCTION_TYPE_GROUPS]...
INFO: Inserting initial records into table [FUNCTION_TYPES]...
INFO: Inserting initial records into table [FUNCTION_ALLOC_LIST]...
INFO: Inserting initial records into table [SYS_CONFIG]...
INFO: Inserting initial records into table [ITEM_SCAN_STATUS_TYPES]...
INFO: Inserting initial records into table [ITEM_SCREENED_RESULT_TYPES]...
INFO: Inserting initial records into table [ITEM_PROCEEDED_TYPES]...
INFO: Inserting initial records into table [ITEM_SORTATION_TYPES]...
INFO: Inserting initial records into table [SORTATION_REASON]...
INFO: Inserting initial records into table [LOCATION_STATUS_TYPES]...
INFO: Inserting initial records into table [ITEM_ENCODING_REQUEST_TYPES]...
INFO: Inserting initial records into table [SAC_OWS]...
INFO: Inserting initial records into table [CHANGE_MONITORING]...
INFO: Inserting initial records into table [APP_LIVE_STATUS_TYPES]...

(1 rows affected)
INFO: Inserting initial records into table [APP_LIVE_MONITORING]...

(1 rows affected)
INFO: Inserting initial records into table [FALLBACK_MAPPING]

(1 rows affected)
INFO: Inserting initial records into table [LOCATIONS]...

(1 rows affected)
INFO: Inserting initial records into table [ROUTING_TABLE]...

(1 rows affected)
INFO: Inserting report logo image (C:\ReportLogo.gif, image size:150x100) into table [PICTURES]...

(1 rows affected)
INFO: Inserting initial records into table [SECURITY_CATEGORIES]...

(1 rows affected)
INFO: Inserting initial records into table [SECURITY_GROUPS]...

(1 rows affected)
INFO: Inserting initial records into table [SECURITY_TASKS]...
INFO: Inserting initial records into table [ITEM_SCREENED_RESULT_TYPES]...
INFO: Inserting initial records into table [BAGGAGE_MEASURE_ARRAY_TYPE]...
INFO: Inserting initial records into table [CHUTE_MAPPING]...
INFO: Inserting initial records into table [DATA_DOWNLOAD_TYPE]...
INFO: Inserting initial records into table [FOUR_DIGITS_FALLBACK_MAPPING]

(1 rows affected)
INFO: Inserting initial records into table [SPECIAL_SECURITY_TAG_DESTINATION_MAPPING]

(1 rows affected)
INFO: Inserting initial records into table [SPECIAL_SECURITY_TAG_LEVEL_MAPPING]

(1 rows affected)
INFO: End of Insert New Initial Data.
INFO: .
INFO: .
INFO: .
INFO: End of STEP2.3
