INFO: STEP5 - Create BHS Solution Database Stored Procedures for Sortation
INFO: .
INFO: .
INFO: .
Changed database context to 'BHSDB'.
INFO: Creating StoredProcedure [stp_SAC_GIDUSED]...
INFO: Creating StoredProcedure [stp_SAC_ITEMSCREENED]...
INFO: Creating StoredProcedure [stp_SAC_ITEMSCANNED]...
INFO: Creating StoredProcedure [stp_SAC_ITEMSORTATIONEVENT]...
INFO: Creating StoredProcedure [stp_SAC_ITEMPROCEEDED]...
INFO: Creating StoredProcedure [stp_SAC_ITEMLOST]...
INFO: Creating StoredProcedure [stp_SAC_ITEMREMOVED]...
INFO: Creating StoredProcedure [stp_SAC_ITEMREDIRECT]...
INFO: Creating StoredProcedure [stp_SAC_DESTINATIONREQUEST]...
INFO: Creating StoredProcedure [stp_SAC_ITEMENCODINGREQUEST]...
INFO: Creating StoredProcedure [stp_SAC_GETSACPUBLICPARAMETERS]...
INFO: Creating StoredProcedure [stp_SAC_GETROUTINGTABLE]...
INFO: Creating StoredProcedure [stp_SAC_GETFUNCALLOCATION]...
INFO: Creating StoredProcedure [stp_SAC_GETFLIGHTALLOCOFLP]...
INFO: Creating StoredProcedure [stp_SAC_GETFLIGHTALLOCOFFLT]...
INFO: Creating StoredProcedure [stp_SAC_GETFLIGHTALLOCATION]...
INFO: Creating StoredProcedure [stp_SAC_LPVALIDATION]...
INFO: Creating StoredProcedure [stp_SAC_GETAIRLINEALLOCATION].
INFO: Creating StoredProcedure [stp_SAC_GETFALLBACKTAGDISCHARGE].
INFO: Creating StoredProcedure [stp_SAC_ALLOCATIONLISTSBYDATE].
INFO: Creating StoredProcedure [stp_SAC_ALLOCATIONLISTSBYMONTH].
INFO: Creating StoredProcedure [stp_SAC_CHANGEDISCHARGEOFOPENALLOC].
INFO: Creating StoredProcedure [stp_SAC_AUTOINCREASEMANUALCLOSEFLIGHTOFFSET]...
INFO: Creating StoredProcedure [stp_SAC_MANUALCLOSEFLIGHTALLOC]...
INFO: Creating StoredProcedure [stp_SAC_CHANGEDISCHARGEOFMANUALCLOSEALLOC]...
INFO: Creating StoredProcedure [stp_SAC_UPDATELOCALSTATIONALIVESTATUS] ...
INFO: Creating StoredProcedure [stp_SAC_CHUTEAVAILABLECHECK]...
INFO: Creating StoredProcedure [stp_SAC_ITEMTRACKING]...
INFO: Creating StoredProcedure [stp_SAC_CHUTESTATUSREPLY]...
INFO: Creating StoredProcedure [stp_SAC_BAGMONITORING]...
INFO: Creating StoredProcedure [stp_SAC_FLIGHTMONITORING]...
INFO: Creating StoredProcedure [stp_SAC_FIDSBISTIMESTAMPMonitor]...
INFO: Creating StoredProcedure [stp_SAC_UPDATINGBAGINFOTABLE]...
INFO: Creating StoredProcedure [stp_FIS_DEPARTUREFLIGHTINFORMATIONCREATEDUPDATED]...
INFO: Creating StoredProcedure [stp_FIS_ERRORMESSAGE]...
INFO: Creating StoredProcedure [stp_FIS_DEPARTUREFLIGHTINFORMATIONDELETED]...
INFO: Creating StoredProcedure [stp_FIS_DEPARTUREFLIGHTALLOCATIONDELETED]...
INFO: Creating StoredProcedure [stp_FIS_DEPARTUREFLIGHTALLOCATIONREPLY]...
INFO: Creating StoredProcedure [stp_FIS_DEPARTUREFUNCTIONTALLOCATIONDELETED]...
INFO: Creating StoredProcedure [stp_FIS_DEPARTUREFUNCTIONTALLOCATIONREPLY]...
INFO: Creating StoredProcedure [stp_FIS_GETBHSFISOUTGOINGALLOCATIONS]...
INFO: Creating StoredProcedure [stp_FIS_GETDEPARTUREFLIGHTALLOCATIONREPLY]...
INFO: Creating StoredProcedure [stp_FIS_GETDEPARTUREFUNCTIONTALLOCATIONREPLY]...
INFO: Creating StoredProcedure [stp_UPDATECHANGEDCONNECTIONMONITORING]...
INFO: Creating StoredProcedure [stp_BSI_ERRORMESSAGE]...
INFO: Creating StoredProcedure [stp_BSI_INSERTBSM]...
INFO: Creating StoredProcedure [stp_BSI_MULTIPLEBSMCOUNT]...
INFO: Creating StoredProcedure [stp_BSI_GETBPMDATA]...
INFO: Creating StoredProcedure [stp_BSI_ENCAPSULATEDBPM]...
INFO: Creating StoredProcedure [stp_BSI_BSMRAWDATA]...
INFO: Creating StoredProcedure [stp_FIS_RAWDATA]...
INFO: Creating StoredProcedure [stp_SAC_VALIDATIONOFFOURDIGITSTAG]...
INFO: Creating StoredProcedure [stp_SAC_BAGGAGEMEASUREMENTARRAY]...
INFO: Creating StoredProcedure [stp_SAC_FALLBACKTAGINFORMATION]...
INFO: Creating StoredProcedure [stp_SAC_FOURPIERTAGINFORMATION]...
INFO: Creating StoredProcedure [stp_SAC_SPECIALSECURITYTAGLEVEL]...
INFO: Creating StoredProcedure [stp_SAC_ITEMMINIMUMSECURITYLEVEL]...
INFO: Creating StoredProcedure [stp_SAC_MAKEUPCAROUSELANDCHUTEMAPPINGLIST]...
INFO: Creating StoredProcedure [stp_SAC_ITEMCUSTOMSSCREENED]...
INFO: Creating StoredProcedure [stp_SAC_SPECIALSECURITYTAGDESTINATION]...
INFO: Creating StoredProcedure [stp_SAC_BAGINFOGIDUSED]...
INFO: Creating StoredProcedure [stp_SAC_BAGINFOITEMSCREENED]...
INFO: Creating StoredProcedure [stp_SAC_BAGINFOITEMSCANNED]...
INFO: Creating StoredProcedure [stp_SAC_BAGINFOITEMREDIRECT]...
INFO: Creating StoredProcedure [stp_SAC_BAGINFOITEMPROCEEDED]...
INFO: Creating StoredProcedure [stp_SAC_BAGINFOITEMLOST]...
INFO: Creating StoredProcedure [stp_SAC_BAGINFOITEMTRACKING]...
INFO: Creating StoredProcedure [stp_SAC_BAGINFOBAGGAGEMEASUREMENTARRAY]...
INFO: Creating StoredProcedure [stp_SAC_BAGINFOITEMMINIMUMSECURITYLEVEL]...
INFO: Creating StoredProcedure [stp_SAC_BAGINFOITEMCUSTOMSSCREENED]...
INFO: Creating StoredProcedure [stp_SAC_GETCHANGEIATAFALLBACKMAPPING]...
INFO: Creating StoredProcedure [stp_SAC_GETALLIATAFALLBACKMAPPING]...
INFO: Creating StoredProcedure [stp_SAC_GETCHANGEFOURDIGITSFALLBACKMAPPING]...
INFO: Creating StoredProcedure [stp_SAC_GETALLFOURDIGITSFALLBACKMAPPING]...
INFO: Creating StoredProcedure [stp_SAC_GETCHANGEFOURDIGITSSECURITYLEVELMAPPING]...
INFO: Creating StoredProcedure [stp_SAC_GETALLFOURDIGITSSECURITYLEVELMAPPING]...
INFO: Creating StoredProcedure [stp_SAC_GETCHANGEFOURDIGITSSECURITYDESTINATIONMAPPING]...
INFO: Creating StoredProcedure [stp_SAC_GETALLFOURDIGITSSECURITYDESTINATIONMAPPING]...
INFO: Creating StoredProcedure [stp_SAC_GETALLCHUTEMAPPING]...
INFO: Creating StoredProcedure [stp_SAC_AIRPORTCODEINFORMATION]...
INFO: Creating StoredProcedure [stp_SAC_COLLECTCHANGEDTABLES]...
INFO: Creating StoredProcedure [stp_SAC_GETSECURITYTAGLEVEL]...
INFO: Creating Function [SAC_HOURMINUTECOMPARATOR].
INFO: Creating Function [SAC_HOURMINUTEDIFF].
INFO: Creating Function [SAC_HOURMINUTEMASTER].
INFO: Creating Function [SAC_OFFSETOPERATOR].
INFO: Creating Function [SAC_ADDMINUTESTOOFFSET].
INFO: Creating Function [SAC_MINUTECONVERTER].
INFO: Deleting existing Function [SAC_OFFSETOPERATOR].
INFO: Creating Function [SAC_OFFSETOPERATOR].
INFO: Creating Function [SAC_SUBSTRACTMINUTESTOOFFSET].
INFO: .
INFO: .
INFO: .
INFO: End of STEP2.2
