Changed database context to 'BHSDB'.
INFO: STEP 5.1 - Creat MDS-CCTV interface related tables.
INFO: .
INFO: .
INFO: .
INFO: Begining of Drop Existing Tables...
INFO: End of Drop Existing Tables.
INFO: .
INFO: .
INFO: .
INFO: Begining of Creating New Tables...
INFO: Creating table [CCTV_MDS_ACTIVATED_ALARMS]...
INFO: Creating table [CCTV_MDS_DEACTIVATED_ALARMS]...
INFO: Creating table [CCTV_MDS_SPOT_COMMANDS]...
INFO: Creating table [CCTV_MDS_OUTGOING_ALARMS]...
INFO: Creating table [CCTV_MDS_OUTGOING_ALARM_ACTIONS]...
INFO: Creating table [CCTV_STATUS]...
INFO: Creating table [CCTV_STATUS_TYPES]...
INFO: Creating table [CCTV_DEACTIVATED_ALARMS]...
INFO: Creating table [CCTV_STATUS_CODES]...
INFO: Creating table [CCTV_EQUIPMENT_MAPPING]...
INFO: Creating table [CCTV_DEVICE_TYPES]...
INFO: Creating table [CCTV_MDS_SENT_DATA_LOGGING]...
INFO: Creating table [CCTV_RECEIVED_DATA_LOGGING]...
INFO: End of Creating New Table.
INFO: .
INFO: .
INFO: .
INFO: Begining of Creating New Views...
INFO: End of Creating New Views.
INFO: .
INFO: .
INFO: .
INFO: Begining of Creating New Foreign Keys...
INFO: Creating ForeignKey [FK_CCTV_MDS_OUTGOING_ALARM_ACTIONS]...
INFO: Creating ForeignKey [FK_CCTV_STATUS_TYPE]...
INFO: Creating ForeignKey [FK_CCTV_STATUS_CODE]...
INFO: Creating ForeignKey [FK_CCTV_DALARM_CODE]...
INFO: Creating ForeignKey [FK_CCTV_MDS_OUTGOING_ALARM_CCTV_DEV_TYPE]...
INFO: Creating ForeignKey [FK_CCTV_MDS_ACTIVATED_ALARMS_CCTV_DEV_TYPE]...
INFO: Creating ForeignKey [FK_CCTV_MDS_DEACTIVATED_ALARMS_CCTV_DEV_TYPE]...
INFO: Creating ForeignKey [FK_CCTV_MDS_SPOT_COMMANDS_CCTV_DEV_TYPE]...
INFO: Creating ForeignKey [FK_CCTV_EQUIPMENT_MAPPING_CCTV_DEV_TYPE]...
INFO: End of Creating New Foreign Keys.
INFO: .
INFO: .
INFO: .
INFO: Begining of Creating New Triggers...
INFO: Creating trigger [INSERT_CCTV_MDS_ACTIVATED_ALARMS]...
INFO: Creating trigger [INSERT_CCTV_MDS_DEACTIVATED_ALARMS]...
INFO: Creating trigger [INSERT_CCTV_MDS_SPOT_COMMANDS]...
INFO: Creating trigger [INSERT_CCTV_DEACTIVATED_ALARMS]...
INFO: End of Creating New Triggers.
INFO: .
INFO: .
INFO: .
INFO: End of STEP 5.1
