INFO: STEP6 - Create BHS Solution Database Stored Procedures for Reporting
INFO: .
INFO: .
INFO: .
Changed database context to 'BHSDB'.
INFO: Creating StoredProcedure [stp_RPT_TIMEDISTRIBUTION...
INFO: Creating StoredProcedure [stp_MDS_TOPFAULT]...
INFO: Creating StoredProcedure [stp_MDS_TOPEQUIPMENT]...
INFO: Creating StoredProcedure [stp_RPT_ATR]...
INFO: Creating StoredProcedure [stp_RPT_FLIGHTSUMMARY]...
INFO: Creating StoredProcedure [stp_RPT_INDIVIDUALFLIGHTSUMMARY]...
INFO: Creating StoredProcedure [stp_RPT_LOADBALANCING]...
INFO: Creating StoredProcedure [stp_RPT_FLIGHTALLOCATION]...
INFO: Creating StoredProcedure [stp_RPT_BSM]...
INFO: Creating StoredProcedure [stp_RPT_BAGTRACEBYFLIGHT]...
INFO: Creating StoredProcedure [stp_RPT_BAGTRACEBYBSM]...
INFO: Creating StoredProcedure [stp_RPT_BAGTRACEBYGID]...
INFO: Creating StoredProcedure [stp_RPT_BAGTRACE]...
INFO: Creating StoredProcedure [stp_RPT_INDIVIDUALFLIGHTSUMMARYSECOND]...
INFO: Creating StoredProcedure [stp_RPT_FUNCTIONALLOCATION]...
INFO: Creating StoredProcedure [stp_RPT_GETDATETIMEFORMAT]...
INFO: Creating StoredProcedure [stp_RPT_BAGTRACEBYFLIGHT_LP]...
INFO: Creating StoredProcedure [stp_RPT_FLIGHTRECONSOLIDATION]...
INFO: Creating StoredProcedure [stp_RPT_MESTIMEDISTRIBUTION]...
INFO: Creating StoredProcedure [stp_RPT_HBSTHROUGHPUT_CLEAREDBAG]...
INFO: Creating StoredProcedure [stp_RPT_HBSTHROUGHPUT_DIVERTED2L3L5]...
INFO: Creating StoredProcedure [stp_RPT_HBSTHROUGHPUT_MAXHOURLYBAGRATE]...
INFO: Creating StoredProcedure [stp_RPT_HBSTHROUGHPUT_STRAYLOSTBAG]...
INFO: .
INFO: .
INFO: .
INFO: End of STEP 4.2
